  FrequencyTable.cpp
c:\users\wlghk\source\repos\algorithmproject_1\algorithmproject_1\frequencytable.cpp(88): warning C4244: '+=': conversion from 'double' to 'int', possible loss of data
c:\users\wlghk\source\repos\algorithmproject_1\algorithmproject_1\frequencytable.cpp(91): warning C4244: '+=': conversion from 'double' to 'int', possible loss of data
c:\users\wlghk\source\repos\algorithmproject_1\algorithmproject_1\frequencytable.cpp(94): warning C4244: '+=': conversion from 'double' to 'int', possible loss of data
  MakeFileGenerator.cpp
c:\users\wlghk\source\repos\algorithmproject_1\algorithmproject_1\makefilegenerator.cpp(48): warning C4018: '<': signed/unsigned mismatch
c:\users\wlghk\source\repos\algorithmproject_1\algorithmproject_1\makefilegenerator.cpp(54): warning C4018: '<': signed/unsigned mismatch
c:\users\wlghk\source\repos\algorithmproject_1\algorithmproject_1\makefilegenerator.cpp(80): warning C4018: '>': signed/unsigned mismatch
c:\users\wlghk\source\repos\algorithmproject_1\algorithmproject_1\makefilegenerator.cpp(119): warning C4018: '<': signed/unsigned mismatch
  RestoreMySequence.cpp
c:\users\wlghk\source\repos\algorithmproject_1\algorithmproject_1\restoremysequence.cpp(37): warning C4018: '<': signed/unsigned mismatch
c:\users\wlghk\source\repos\algorithmproject_1\algorithmproject_1\restoremysequence.cpp(43): warning C4018: '<': signed/unsigned mismatch
c:\users\wlghk\source\repos\algorithmproject_1\algorithmproject_1\restoremysequence.cpp(88): warning C4018: '<': signed/unsigned mismatch
c:\users\wlghk\source\repos\algorithmproject_1\algorithmproject_1\restoremysequence.cpp(111): warning C4018: '<': signed/unsigned mismatch
c:\users\wlghk\source\repos\algorithmproject_1\algorithmproject_1\restoremysequence.cpp(133): warning C4018: '<': signed/unsigned mismatch
c:\users\wlghk\source\repos\algorithmproject_1\algorithmproject_1\restoremysequence.cpp(152): warning C4018: '<': signed/unsigned mismatch
c:\users\wlghk\source\repos\algorithmproject_1\algorithmproject_1\restoremysequence.cpp(142): warning C4101: 's': unreferenced local variable
  Generating Code...
  main.cpp
  algorithmProject_1.vcxproj -> C:\Users\wlghk\source\repos\algorithmProject_1\Debug\algorithmProject_1.exe
